[00:01:30] [Client thread/ERROR]: Can't find the resource index file: assets/indexes/1.8.json
[00:01:30] [Client thread/INFO]: Setting user: Alya
[00:01:30] [Client thread/INFO]: (Session ID is token:0:0)
[00:01:30] [Client thread/INFO]: [OptiFine] *** Reflector Forge ***
[00:01:30] [Client thread/INFO]: [OptiFine] (Reflector) Class not present: mods.betterfoliage.client.BetterFoliageClient
[00:01:30] [Client thread/INFO]: [OptiFine] (Reflector) Class not present: net.minecraftforge.fml.common.asm.transformers.BlamingTransformer
[00:01:30] [Client thread/INFO]: [OptiFine] (Reflector) Class not present: net.minecraftforge.event.world.ChunkWatchEvent$UnWatch
[00:01:30] [Client thread/INFO]: [OptiFine] (Reflector) Class not present: net.minecraftforge.fml.relauncher.CoreModManager
[00:01:30] [Client thread/INFO]: [OptiFine] (Reflector) Class not present: net.minecraftforge.common.DimensionManager
[00:01:30] [Client thread/INFO]: [OptiFine] (Reflector) Class not present: net.minecraftforge.client.event.GuiScreenEvent$DrawScreenEvent$Pre
[00:01:30] [Client thread/INFO]: [OptiFine] (Reflector) Class not present: net.minecraftforge.client.event.GuiScreenEvent$DrawScreenEvent$Post
[00:01:30] [Client thread/INFO]: [OptiFine] (Reflector) Class not present: net.minecraftforge.client.event.EntityViewRenderEvent$CameraSetup
[00:01:30] [Client thread/INFO]: [OptiFine] (Reflector) Class not present: net.minecraftforge.client.event.EntityViewRenderEvent$FogColors
[00:01:30] [Client thread/INFO]: [OptiFine] (Reflector) Class not present: net.minecraftforge.fml.common.eventhandler.Event
[00:01:30] [Client thread/INFO]: [OptiFine] (Reflector) Class not present: net.minecraftforge.fml.common.eventhandler.EventBus
[00:01:30] [Client thread/INFO]: [OptiFine] (Reflector) Class not present: net.minecraftforge.fml.common.eventhandler.Event$Result
[00:01:30] [Client thread/INFO]: [OptiFine] (Reflector) Class not present: net.minecraftforge.common.property.ExtendedBlockState
[00:01:30] [Client thread/INFO]: [OptiFine] (Reflector) Class not present: net.minecraftforge.fml.client.FMLClientHandler
[00:01:30] [Client thread/INFO]: [OptiFine] (Reflector) Class not present: net.minecraftforge.fml.common.FMLCommonHandler
[00:01:30] [Client thread/INFO]: [OptiFine] (Reflector) Method not present: net.minecraft.world.biome.BiomeGenBase.getWaterColorMultiplier
[00:01:30] [Client thread/INFO]: [OptiFine] (Reflector) Method not present: net.minecraft.block.Block.addDestroyEffects
[00:01:30] [Client thread/INFO]: [OptiFine] (Reflector) Method not present: net.minecraft.block.Block.addHitEffects
[00:01:30] [Client thread/INFO]: [OptiFine] (Reflector) Method not present: net.minecraft.block.Block.canCreatureSpawn
[00:01:30] [Client thread/INFO]: [OptiFine] (Reflector) Method not present: net.minecraft.block.Block.canRenderInLayer
[00:01:30] [Client thread/INFO]: [OptiFine] (Reflector) Method not present: net.minecraft.block.Block.doesSideBlockRendering
[00:01:30] [Client thread/INFO]: [OptiFine] (Reflector) Method not present: net.minecraft.block.Block.getBedDirection
[00:01:30] [Client thread/INFO]: [OptiFine] (Reflector) Method not present: net.minecraft.block.Block.getExtendedState
[00:01:30] [Client thread/INFO]: [OptiFine] (Reflector) Method not present: net.minecraft.block.Block.getLightOpacity
[00:01:30] [Client thread/INFO]: [OptiFine] (Reflector) Method not present: net.minecraft.block.Block.getLightValue
[00:01:30] [Client thread/INFO]: [OptiFine] (Reflector) Method not present: net.minecraft.block.Block.hasTileEntity
[00:01:30] [Client thread/INFO]: [OptiFine] (Reflector) Method not present: net.minecraft.block.Block.isAir
[00:01:30] [Client thread/INFO]: [OptiFine] (Reflector) Method not present: net.minecraft.block.Block.isBed
[00:01:30] [Client thread/INFO]: [OptiFine] (Reflector) Method not present: net.minecraft.block.Block.isBedFoot
[00:01:30] [Client thread/INFO]: [OptiFine] (Reflector) Method not present: net.minecraft.block.Block.isSideSolid
[00:01:30] [Client thread/INFO]: [OptiFine] (Reflector) Method not present: net.minecraft.world.ChunkCache.isSideSolid
[00:01:30] [Client thread/INFO]: [OptiFine] (Reflector) Method not present: net.minecraft.entity.Entity.canRiderInteract
[00:01:30] [Client thread/INFO]: [OptiFine] (Reflector) Field not present: net.minecraft.entity.Entity.captureDrops
[00:01:30] [Client thread/INFO]: [OptiFine] (Reflector) Field not present: net.minecraft.entity.Entity.capturedDrops
[00:01:30] [Client thread/INFO]: [OptiFine] (Reflector) Method not present: net.minecraft.entity.Entity.shouldRenderInPass
[00:01:30] [Client thread/INFO]: [OptiFine] (Reflector) Method not present: net.minecraft.entity.Entity.shouldRiderSit
[00:01:30] [Client thread/INFO]: [OptiFine] (Reflector) Class not present: net.minecraftforge.event.ForgeEventFactory
[00:01:30] [Client thread/INFO]: [OptiFine] (Reflector) Class not present: net.minecraftforge.common.ForgeHooks
[00:01:30] [Client thread/INFO]: [OptiFine] (Reflector) Class not present: net.minecraftforge.client.ForgeHooksClient
[00:01:30] [Client thread/INFO]: [OptiFine] (Reflector) Field not present: net.minecraft.item.Item.delegate
[00:01:30] [Client thread/INFO]: [OptiFine] (Reflector) Method not present: net.minecraft.item.Item.getDurabilityForDisplay
[00:01:30] [Client thread/INFO]: [OptiFine] (Reflector) Method not present: net.minecraft.item.Item.getModel
[00:01:30] [Client thread/INFO]: [OptiFine] (Reflector) Method not present: net.minecraft.item.Item.onEntitySwing
[00:01:30] [Client thread/INFO]: [OptiFine] (Reflector) Method not present: net.minecraft.item.Item.shouldCauseReequipAnimation
[00:01:30] [Client thread/INFO]: [OptiFine] (Reflector) Method not present: net.minecraft.item.Item.showDurabilityBar
[00:01:30] [Client thread/INFO]: [OptiFine] (Reflector) Class not present: net.minecraftforge.common.ForgeModContainer
[00:01:30] [Client thread/INFO]: [OptiFine] (Reflector) Method not present: net.minecraft.potion.PotionEffect.isCurativeItem
[00:01:30] [Client thread/INFO]: [OptiFine] (Reflector) Method not present: net.minecraft.tileentity.TileEntity.canRenderBreaking
[00:01:30] [Client thread/INFO]: [OptiFine] (Reflector) Method not present: net.minecraft.tileentity.TileEntity.getRenderBoundingBox
[00:01:30] [Client thread/INFO]: [OptiFine] (Reflector) Method not present: net.minecraft.tileentity.TileEntity.hasFastRenderer
[00:01:30] [Client thread/INFO]: [OptiFine] (Reflector) Method not present: net.minecraft.tileentity.TileEntity.shouldRenderInPass
[00:01:30] [Client thread/INFO]: [OptiFine] (Reflector) Method not present: net.minecraft.client.renderer.vertex.VertexFormatElement$EnumUsage.preDraw
[00:01:30] [Client thread/INFO]: [OptiFine] (Reflector) Method not present: net.minecraft.client.renderer.vertex.VertexFormatElement$EnumUsage.postDraw
[00:01:30] [Client thread/INFO]: [OptiFine] (Reflector) Method not present: net.minecraft.world.World.countEntities
[00:01:30] [Client thread/INFO]: [OptiFine] (Reflector) Method not present: net.minecraft.world.World.getPerWorldStorage
[00:01:30] [Client thread/INFO]: [OptiFine] (Reflector) Method not present: net.minecraft.world.WorldProvider.getCloudRenderer
[00:01:30] [Client thread/INFO]: [OptiFine] (Reflector) Method not present: net.minecraft.world.WorldProvider.getSkyRenderer
[00:01:30] [Client thread/INFO]: [OptiFine] (Reflector) Method not present: net.minecraft.world.WorldProvider.getWeatherRenderer
[00:01:30] [Client thread/INFO]: [OptiFine] (Reflector) Method not present: net.minecraft.world.WorldProvider.getSaveFolder
[00:01:30] [Client thread/INFO]: [OptiFine] (Reflector) Class not present: net.minecraftforge.fml.client.GuiModList
[00:01:30] [Client thread/INFO]: [OptiFine] (Reflector) Class not present: net.minecraftforge.client.model.IColoredBakedQuad
[00:01:30] [Client thread/INFO]: [OptiFine] (Reflector) Class not present: net.minecraftforge.common.property.IExtendedBlockState
[00:01:30] [Client thread/INFO]: [OptiFine] (Reflector) Class not present: net.minecraftforge.client.model.IModel
[00:01:30] [Client thread/INFO]: [OptiFine] (Reflector) Class not present: net.minecraftforge.client.IRenderHandler
[00:01:30] [Client thread/INFO]: [OptiFine] (Reflector) Class not present: net.minecraftforge.client.ItemModelMesherForge
[00:01:30] [Client thread/INFO]: [OptiFine] (Reflector) Class not present: net.minecraft.launchwrapper.Launch
[00:01:30] [Client thread/INFO]: [OptiFine] (Reflector) Class not present: net.minecraftforge.client.model.pipeline.LightUtil
[00:01:30] [Client thread/INFO]: [OptiFine] (Reflector) Class not present: net.minecraftforge.fml.common.Loader
[00:01:30] [Client thread/INFO]: [OptiFine] (Reflector) Class not present: net.minecraftforge.common.MinecraftForge
[00:01:30] [Client thread/INFO]: [OptiFine] (Reflector) Class not present: net.minecraftforge.client.MinecraftForgeClient
[00:01:30] [Client thread/INFO]: [OptiFine] (Reflector) Class not present: net.minecraftforge.fml.common.ModContainer
[00:01:30] [Client thread/INFO]: [OptiFine] (Reflector) Class not present: net.minecraftforge.client.model.ModelLoader
[00:01:30] [Client thread/INFO]: [OptiFine] (Reflector) Class not present: net.minecraftforge.client.event.RenderBlockOverlayEvent$OverlayType
[00:01:30] [Client thread/INFO]: [OptiFine] (Reflector) Class not present: net.minecraftforge.fml.client.registry.RenderingRegistry
[00:01:30] [Client thread/INFO]: [OptiFine] (Reflector) Class not present: net.minecraftforge.client.event.RenderItemInFrameEvent
[00:01:30] [Client thread/INFO]: [OptiFine] (Reflector) Class not present: net.minecraftforge.client.event.RenderLivingEvent$Pre
[00:01:30] [Client thread/INFO]: [OptiFine] (Reflector) Class not present: net.minecraftforge.client.event.RenderLivingEvent$Post
[00:01:30] [Client thread/INFO]: [OptiFine] (Reflector) Class not present: net.minecraftforge.client.event.RenderLivingEvent$Specials$Pre
[00:01:30] [Client thread/INFO]: [OptiFine] (Reflector) Class not present: net.minecraftforge.client.event.RenderLivingEvent$Specials$Post
[00:01:30] [Client thread/INFO]: [OptiFine] (Reflector) Class not present: net.minecraftforge.fml.client.SplashProgress
[00:01:30] [Client thread/INFO]: [OptiFine] (Reflector) Class not present: net.minecraftforge.event.world.WorldEvent$Load
[00:01:30] [Client thread/INFO]: [OptiFine] *** Reflector Vanilla ***
[00:01:30] [Client thread/INFO]: [OptiFine] (Reflector) Class not present: optifine.OptiFineClassTransformer
[00:01:30] [Client thread/INFO]: LWJGL Version: 2.9.3
[00:01:31] [Client thread/INFO]: [OptiFine] 
[00:01:31] [Client thread/INFO]: [OptiFine] OptiFine_1.8.9_HD_U_L5
[00:01:31] [Client thread/INFO]: [OptiFine] Build: null
[00:01:31] [Client thread/INFO]: [OptiFine] OS: Linux (amd64) version 6.19.8-arch1-astolarch
[00:01:31] [Client thread/INFO]: [OptiFine] Java: 21.0.10, Eclipse Adoptium
[00:01:31] [Client thread/INFO]: [OptiFine] VM: OpenJDK 64-Bit Server VM (mixed mode, sharing), Eclipse Adoptium
[00:01:31] [Client thread/INFO]: [OptiFine] LWJGL: 2.9.3
[00:01:31] [Client thread/INFO]: [OptiFine] OpenGL: AMD Radeon Graphics (radeonsi, renoir, ACO, DRM 3.64, 6.19.8-arch1-astolarch), version 4.6 (Compatibility Profile) Mesa 26.0.3-arch1.1, AMD
[00:01:31] [Client thread/INFO]: [OptiFine] OpenGL Version: 4.6.0
[00:01:31] [Client thread/INFO]: [OptiFine] Maximum texture size: 16384x16384
[00:01:31] [Client thread/INFO]: [Shaders] OpenGL Version: 4.6 (Compatibility Profile) Mesa 26.0.3-arch1.1
[00:01:31] [Client thread/INFO]: [Shaders] Vendor:  AMD
[00:01:31] [Client thread/INFO]: [Shaders] Renderer: AMD Radeon Graphics (radeonsi, renoir, ACO, DRM 3.64, 6.19.8-arch1-astolarch)
[00:01:31] [Client thread/INFO]: [Shaders] Capabilities:  2.0  2.1  3.0  3.2  4.0 
[00:01:31] [Client thread/INFO]: [Shaders] GL_MAX_DRAW_BUFFERS: 8
[00:01:31] [Client thread/INFO]: [Shaders] GL_MAX_COLOR_ATTACHMENTS_EXT: 8
[00:01:31] [Client thread/INFO]: [Shaders] GL_MAX_TEXTURE_IMAGE_UNITS: 32
[00:01:31] [Client thread/INFO]: [Shaders] Load shaders configuration.
[00:01:31] [Client thread/INFO]: [Shaders] Save shaders configuration.
[00:01:31] [Client thread/INFO]: [Shaders] No shaderpack loaded.
[00:01:31] [Client thread/INFO]: Reloading ResourceManager: Default, ! §5Wemmbu 10k §d[16x].zip
[00:01:31] [Client thread/INFO]: [OptiFine] *** Reloading textures ***
[00:01:31] [Client thread/INFO]: [OptiFine] Resource packs: ! §5Wemmbu 10k §d[16x].zip
[00:01:31] [Client thread/INFO]: [OptiFine] (Reflector) Class not present: net.minecraftforge.client.model.Attributes
[00:01:31] [Sound Library Loader/INFO]: Starting up SoundSystem...
[00:01:31] [Client thread/INFO]: [OptiFine] Loading textures/font/ascii.properties
[00:01:31] [Client thread/INFO]: [OptiFine] Loading textures/font/ascii_sga.properties
[00:01:32] [Thread-2/INFO]: Initializing LWJGL OpenAL
[00:01:32] [Thread-2/INFO]: (The LWJGL binding of OpenAL.  For more information, see http://www.lwjgl.org)
[00:01:32] [Thread-2/INFO]: OpenAL initialized.
[00:01:32] [Client thread/INFO]: [OptiFine] Mipmap levels: 4
[00:01:32] [Client thread/INFO]: [OptiFine] Multitexture: false
[00:01:32] [Client thread/INFO]: [OptiFine] ConnectedTextures: mcpatcher/ctm/bookshelf/ctm.properties
[00:01:32] [Client thread/INFO]: [OptiFine] ConnectedTextures: mcpatcher/ctm/glass/ctm.properties
[00:01:32] [Client thread/INFO]: [OptiFine] ConnectedTextures: mcpatcher/ctm/glass/ctm_pane.properties
[00:01:32] [Client thread/INFO]: [OptiFine] ConnectedTextures: mcpatcher/ctm/glass_black/ctm.properties
[00:01:32] [Client thread/INFO]: [OptiFine] ConnectedTextures: mcpatcher/ctm/glass_black/ctm_pane.properties
[00:01:32] [Client thread/INFO]: [OptiFine] ConnectedTextures: mcpatcher/ctm/glass_blue/ctm.properties
[00:01:32] [Client thread/INFO]: [OptiFine] ConnectedTextures: mcpatcher/ctm/glass_blue/ctm_pane.properties
[00:01:32] [Client thread/INFO]: [OptiFine] ConnectedTextures: mcpatcher/ctm/glass_brown/ctm.properties
[00:01:32] [Client thread/INFO]: [OptiFine] ConnectedTextures: mcpatcher/ctm/glass_brown/ctm_pane.properties
[00:01:32] [Client thread/INFO]: [OptiFine] ConnectedTextures: mcpatcher/ctm/glass_cyan/ctm.properties
[00:01:32] [Client thread/INFO]: [OptiFine] ConnectedTextures: mcpatcher/ctm/glass_cyan/ctm_pane.properties
[00:01:32] [Client thread/INFO]: [OptiFine] ConnectedTextures: mcpatcher/ctm/glass_gray/ctm.properties
[00:01:32] [Client thread/INFO]: [OptiFine] ConnectedTextures: mcpatcher/ctm/glass_gray/ctm_pane.properties
[00:01:32] [Client thread/INFO]: [OptiFine] ConnectedTextures: mcpatcher/ctm/glass_green/ctm.properties
[00:01:32] [Client thread/INFO]: [OptiFine] ConnectedTextures: mcpatcher/ctm/glass_green/ctm_pane.properties
[00:01:32] [Client thread/INFO]: [OptiFine] ConnectedTextures: mcpatcher/ctm/glass_light_blue/ctm.properties
[00:01:32] [Client thread/INFO]: [OptiFine] ConnectedTextures: mcpatcher/ctm/glass_light_blue/ctm_pane.properties
[00:01:32] [Client thread/INFO]: [OptiFine] ConnectedTextures: mcpatcher/ctm/glass_lime/ctm.properties
[00:01:32] [Client thread/INFO]: [OptiFine] ConnectedTextures: mcpatcher/ctm/glass_lime/ctm_pane.properties
[00:01:32] [Client thread/INFO]: [OptiFine] ConnectedTextures: mcpatcher/ctm/glass_magenta/ctm.properties
[00:01:32] [Client thread/INFO]: [OptiFine] ConnectedTextures: mcpatcher/ctm/glass_magenta/ctm_pane.properties
[00:01:32] [Client thread/INFO]: [OptiFine] ConnectedTextures: mcpatcher/ctm/glass_orange/ctm.properties
[00:01:32] [Client thread/INFO]: [OptiFine] ConnectedTextures: mcpatcher/ctm/glass_orange/ctm_pane.properties
[00:01:32] [Client thread/INFO]: [OptiFine] ConnectedTextures: mcpatcher/ctm/glass_pink/ctm.properties
[00:01:32] [Client thread/INFO]: [OptiFine] ConnectedTextures: mcpatcher/ctm/glass_pink/ctm_pane.properties
[00:01:32] [Client thread/INFO]: [OptiFine] ConnectedTextures: mcpatcher/ctm/glass_purple/ctm.properties
[00:01:32] [Client thread/INFO]: [OptiFine] ConnectedTextures: mcpatcher/ctm/glass_purple/ctm_pane.properties
[00:01:32] [Client thread/INFO]: [OptiFine] ConnectedTextures: mcpatcher/ctm/glass_red/ctm.properties
[00:01:32] [Client thread/INFO]: [OptiFine] ConnectedTextures: mcpatcher/ctm/glass_red/ctm_pane.properties
[00:01:32] [Client thread/INFO]: [OptiFine] ConnectedTextures: mcpatcher/ctm/glass_silver/ctm.properties
[00:01:32] [Client thread/INFO]: [OptiFine] ConnectedTextures: mcpatcher/ctm/glass_silver/ctm_pane.properties
[00:01:32] [Client thread/INFO]: [OptiFine] ConnectedTextures: mcpatcher/ctm/glass_white/ctm.properties
[00:01:32] [Client thread/INFO]: [OptiFine] ConnectedTextures: mcpatcher/ctm/glass_white/ctm_pane.properties
[00:01:32] [Client thread/INFO]: [OptiFine] ConnectedTextures: mcpatcher/ctm/glass_yellow/ctm.properties
[00:01:32] [Client thread/INFO]: [OptiFine] ConnectedTextures: mcpatcher/ctm/glass_yellow/ctm_pane.properties
[00:01:32] [Client thread/INFO]: [OptiFine] ConnectedTextures: mcpatcher/ctm/gold_block/ctm.properties
[00:01:32] [Client thread/INFO]: [OptiFine] ConnectedTextures: mcpatcher/ctm/iron_block/ctm.properties
[00:01:32] [Client thread/INFO]: [OptiFine] ConnectedTextures: mcpatcher/ctm/lapis_block/ctm.properties
[00:01:32] [Client thread/INFO]: [OptiFine] ConnectedTextures: mcpatcher/ctm/quartz_block/ctm_side.properties
[00:01:32] [Client thread/INFO]: [OptiFine] ConnectedTextures: mcpatcher/ctm/quartz_block/ctm_top.properties
[00:01:32] [Client thread/INFO]: [OptiFine] ConnectedTextures: mcpatcher/ctm/red_sandstone_side/ctm.properties
[00:01:32] [Client thread/INFO]: [OptiFine] ConnectedTextures: mcpatcher/ctm/sandstone_side/ctm.properties
[00:01:32] [Client thread/INFO]: [OptiFine] ConnectedTextures: mcpatcher/ctm/stone_andesite_smooth/ctm.properties
[00:01:32] [Client thread/INFO]: [OptiFine] ConnectedTextures: mcpatcher/ctm/stone_diorite_smooth/ctm.properties
[00:01:32] [Client thread/INFO]: [OptiFine] ConnectedTextures: mcpatcher/ctm/stone_granite_smooth/ctm.properties
[00:01:32] [Client thread/INFO]: [OptiFine] Multipass connected textures: false
[00:01:32] [Client thread/INFO]: [OptiFine] Multipass connected textures: false
[00:01:32] [Client thread/INFO]: [OptiFine] BetterGrass: Parsing default configuration optifine/bettergrass.properties
[00:01:32] [Sound Library Loader/INFO]: Sound engine started
[00:01:32] [Client thread/INFO]: Created: 1024x512 textures-atlas
[00:01:32] [Client thread/INFO]: [OptiFine] Animated sprites: 16
[00:01:33] [Client thread/INFO]: Initialized 25 modules
[00:01:33] [Client thread/INFO]: Initialized 4 commands
[00:01:33] [Client thread/INFO]: Loaded config: default
[00:01:33] [Client thread/INFO]: [OptiFine] *** Reloading custom textures ***
[00:01:33] [Client thread/INFO]: [OptiFine] Texture animation: mcpatcher/anim/jabainventoryedited.properties
[00:01:33] [Client thread/INFO]: [OptiFine] CustomColors: Colormap mcpatcher/lightmap/world0.png
[00:01:33] [Client thread/INFO]: [OptiFine] CustomSky properties: mcpatcher/sky/world0/sky1.properties
[00:01:33] [Client thread/INFO]: [OptiFine] CustomSky properties: mcpatcher/sky/world0/sky2.properties
[00:01:33] [Client thread/INFO]: [OptiFine] CustomSky properties: mcpatcher/sky/world0/sky3.properties
[00:01:34] [Client thread/INFO]: [OptiFine] CustomSky properties: mcpatcher/sky/world0/sky4.properties
[00:01:34] [Client thread/INFO]: [OptiFine] CustomSky: Texture not found: minecraft:mcpatcher/sky/world0/starfield01.png
[00:01:34] [Client thread/INFO]: [OptiFine] CustomSky properties: mcpatcher/sky/world0/sky5.properties
[00:01:34] [Client thread/INFO]: [OptiFine] CustomSky: Texture not found: minecraft:mcpatcher/sky/world0/starfield02.png
[00:01:34] [Client thread/INFO]: [OptiFine] CustomSky properties: mcpatcher/sky/world0/sky6.properties
[00:01:35] [Client thread/INFO]: [OptiFine] CustomSky properties: mcpatcher/sky/world0/sky7.properties
[00:01:35] [Client thread/INFO]: [OptiFine] CustomSky: Texture not found: minecraft:mcpatcher/sky/world0/sky_sunflare.png
[00:01:35] [Client thread/INFO]: [OptiFine] CustomSky properties: mcpatcher/sky/world0/sky8.properties
[00:01:35] [Client thread/INFO]: [OptiFine] CustomSky: Texture not found: minecraft:mcpatcher/sky/world0/sky_sunflare.png
[00:01:44] [Server thread/INFO]: Starting integrated minecraft server version 1.9
[00:01:44] [Server thread/INFO]: Generating keypair
[00:01:44] [Server thread/INFO]: Preparing start region for level 0
[00:01:45] [Server thread/INFO]: Changing view distance to 16, from 10
[00:01:45] [Server thread/INFO]: Alya[local:E:47c10f8b] logged in with entity id 231 at (40.87794140453154, 70.0, 188.338865039323)
[00:01:45] [Server thread/INFO]: Alya joined the game
[00:01:54] [Client thread/INFO]: Shutting down Alya...
[00:01:54] [Client thread/INFO]: Saved config: default
[00:01:54] [Client thread/INFO]: Stopping!
[00:01:54] [Client thread/INFO]: SoundSystem shutting down...
[00:01:54] [Server thread/INFO]: Stopping server
[00:01:54] [Server thread/INFO]: Saving players
[00:01:54] [Server thread/INFO]: Saving worlds
[00:01:54] [Server thread/INFO]: Saving chunks for level 'meow'/Overworld
[00:01:54] [Server thread/INFO]: Saving chunks for level 'meow'/Nether
[00:01:54] [Server thread/INFO]: Saving chunks for level 'meow'/The End
[00:01:55] [Client thread/WARN]: Author: Paul Lamb, www.paulscode.com
